[universe-ity.github.io/index.html]
[backblue.gif]
[fade.gif]
[index.html]
[universe-ity.github.io/_static/pygments.css]
[universe-ity.github.io/_static/theme.css]
[universe-ity.github.io/_static/romnnn_sphinx_press_theme.css]
[universe-ity.github.io/_static/copybutton.css]
[universe-ity.github.io/_static/gallery.css]
[universe-ity.github.io/_static/documentation_options.js]
[universe-ity.github.io/_static/jquery.js]
[universe-ity.github.io/_static/underscore.js]
[universe-ity.github.io/_static/doctools.js]
[universe-ity.github.io/_static/language_data.js]
[universe-ity.github.io/_static/clipboard.min.js]
[universe-ity.github.io/_static/copybutton.js]
[cdnjs.cloudflare.com/ajax/libs/require.js/2.3.4/require.min.js]
[cdnjs.cloudflare.com/ajax/libs/mathjax/2.7.5/latestdda6.js]
[universe-ity.github.io/_static/theme-vendors.js]
[universe-ity.github.io/_static/theme.js]
[universe-ity.github.io/genindex.html]
[universe-ity.github.io/search.html]
[universe-ity.github.io/Analysis_of_Optical_Systems_with_OSLO_Intro_Page.html]
[universe-ity.github.io/Analysis_of_Optical_Systems_with_OSLO_Background_Page.html]
[universe-ity.github.io/Analysis_of_Optical_Systems_with_OSLO_Oslo_Page.html]
[universe-ity.github.io/Analysis_of_Optical_Systems_with_OSLO_Activities_Page.html]
[universe-ity.github.io/index.html]
[universe-ity.github.io/_static/pygments.css]
[universe-ity.github.io/_static/theme.css]
[universe-ity.github.io/_static/romnnn_sphinx_press_theme.css]
[universe-ity.github.io/_static/copybutton.css]
[universe-ity.github.io/_static/gallery.css]
[universe-ity.github.io/index-2.html]
[universe-ity.github.io/genindex.html]
[universe-ity.github.io/_static/searchtools.js]
[universe-ity.github.io/searchindex.js]
[universe-ity.github.io/search.html]
[universe-ity.github.io/Analysis_of_Optical_Systems_with_OSLO_Intro_Page.html]
[www.rvcj.com/wp-content/uploads/2016/11/Spherical-Aberration.png]
[www.thorlabs.com/images/TabImages/Coma_Aberration.jpg]
[upload.wikimedia.org/wikipedia/commons/e/e5/Lens6a.png]
[www.photonics.com/images/Web/Articles/2009/3/8/LensAberrations_Walker_NEW_Figure4.jpg]
[www.swarovskioptik.com/is-bin/intershop.static/WFS/SOP-US-Site/SOP-Blog/en_US/blog/HunterArticleBlog/images/on_target_03_04.jpg]
[universe-ity.github.io/Analysis_of_Optical_Systems_with_OSLO_Background_Page.html]
[universe-ity.github.io/Analysis_of_Optical_Systems_with_OSLO_Oslo_Page.html]
[universe-ity.github.io/Analysis_of_Optical_Systems_with_OSLO_Activities_Page.html]
[universe-ity.github.io/index-2.html]
